<?xml version="1.0" encoding="UTF-8"?>
<!-- Generated by org.testng.reporters.JUnitReportReporter -->
<testsuite hostname="DESKTOP-JLVGSRF" failures="0" tests="1" name="tests.search_computer.SearchComputerTest" time="55.478" errors="0" timestamp="2022-08-29T19:58:25 MSK" skipped="0">
  <testcase classname="tests.search_computer.SearchComputerTest" name="checkLenovoFilter" time="55.478"/>
  <system-out/>
</testsuite> <!-- tests.search_computer.SearchComputerTest -->
